This is pdfTeX, Version 3.14159265-2.6-1.40.21 (TeX Live 2020/W32TeX) (preloaded format=pdflatex 2020.10.17)  17 OCT 2020 18:27
entering extended mode
 restricted \write18 enabled.
 %&-line parsing enabled.
**PresentaciónTADM_MADM_2020_2021.tex
(./PresentaciónTADM_MADM_2020_2021.tex
LaTeX2e <2020-10-01> patch level 1
L3 programming layer <2020-10-05> xparse <2020-03-03> (c:/Users/t169/AppData/Ro
aming/TinyTeX/texmf-dist/tex/latex/beamer/beamer.cls
Document Class: beamer 2020/07/22 v3.59 A class for typesetting presentations

(c:/Users/t169/AppData/Roaming/TinyTeX/texmf-dist/tex/latex/beamer/beamerbasemo
des.sty
(c:/Users/t169/AppData/Roaming/TinyTeX/texmf-dist/tex/latex/etoolbox/etoolbox.s
ty
Package: etoolbox 2020/10/05 v2.5k e-TeX tools for LaTeX (JAW)
\etb@tempcnta=\count175
)
\beamer@tempbox=\box47
\beamer@tempcount=\count176
\c@beamerpauses=\count177

(c:/Users/t169/AppData/Roaming/TinyTeX/texmf-dist/tex/latex/beamer/beamerbasede
code.sty
\beamer@slideinframe=\count178
\beamer@minimum=\count179
\beamer@decode@box=\box48
)
\beamer@commentbox=\box49
\beamer@modecount=\count180
) (c:/Users/t169/AppData/Roaming/TinyTeX/texmf-dist/tex/generic/iftex/ifpdf.sty
Package: ifpdf 2019/10/25 v3.4 ifpdf legacy package. Use iftex instead.
(c:/Users/t169/AppData/Roaming/TinyTeX/texmf-dist/tex/generic/iftex/iftex.sty
Package: iftex 2020/03/06 v1.0d TeX engine tests
))
\headdp=\dimen138
\footheight=\dimen139
\sidebarheight=\dimen140
\beamer@tempdim=\dimen141
\beamer@finalheight=\dimen142
\beamer@animht=\dimen143
\beamer@animdp=\dimen144
\beamer@animwd=\dimen145
\beamer@leftmargin=\dimen146
\beamer@rightmargin=\dimen147
\beamer@leftsidebar=\dimen148
\beamer@rightsidebar=\dimen149
\beamer@boxsize=\dimen150
\beamer@vboxoffset=\dimen151
\beamer@descdefault=\dimen152
\beamer@descriptionwidth=\dimen153
\beamer@lastskip=\skip47
\beamer@areabox=\box50
\beamer@animcurrent=\box51
\beamer@animshowbox=\box52
\beamer@sectionbox=\box53
\beamer@logobox=\box54
\beamer@linebox=\box55
\beamer@sectioncount=\count181
\beamer@subsubsectionmax=\count182
\beamer@subsectionmax=\count183
\beamer@sectionmax=\count184
\beamer@totalheads=\count185
\beamer@headcounter=\count186
\beamer@partstartpage=\count187
\beamer@sectionstartpage=\count188
\beamer@subsectionstartpage=\count189
\beamer@animationtempa=\count190
\beamer@animationtempb=\count191
\beamer@xpos=\count192
\beamer@ypos=\count193
\beamer@ypos@offset=\count194
\beamer@showpartnumber=\count195
\beamer@currentsubsection=\count196
\beamer@coveringdepth=\count197
\beamer@sectionadjust=\count198
\beamer@tocsectionnumber=\count199

(c:/Users/t169/AppData/Roaming/TinyTeX/texmf-dist/tex/latex/beamer/beamerbaseop
tions.sty
(c:/Users/t169/AppData/Roaming/TinyTeX/texmf-dist/tex/latex/graphics/keyval.sty
Package: keyval 2014/10/28 v1.15 key=value parser (DPC)
\KV@toks@=\toks15
))
\beamer@paperwidth=\skip48
\beamer@paperheight=\skip49

(c:/Users/t169/AppData/Roaming/TinyTeX/texmf-dist/tex/latex/geometry/geometry.s
ty
Package: geometry 2020/01/02 v5.9 Page Geometry
(c:/Users/t169/AppData/Roaming/TinyTeX/texmf-dist/tex/generic/iftex/ifvtex.sty
Package: ifvtex 2019/10/25 v1.7 ifvtex legacy package. Use iftex instead.
)
\Gm@cnth=\count266
\Gm@cntv=\count267
\c@Gm@tempcnt=\count268
\Gm@bindingoffset=\dimen154
\Gm@wd@mp=\dimen155
\Gm@odd@mp=\dimen156
\Gm@even@mp=\dimen157
\Gm@layoutwidth=\dimen158
\Gm@layoutheight=\dimen159
\Gm@layouthoffset=\dimen160
\Gm@layoutvoffset=\dimen161
\Gm@dimlist=\toks16
) (c:/Users/t169/AppData/Roaming/TinyTeX/texmf-dist/tex/latex/base/size11.clo
File: size11.clo 2020/04/10 v1.4m Standard LaTeX file (size option)
)
(c:/Users/t169/AppData/Roaming/TinyTeX/texmf-dist/tex/latex/pgf/basiclayer/pgfc
ore.sty
(c:/Users/t169/AppData/Roaming/TinyTeX/texmf-dist/tex/latex/graphics/graphicx.s
ty
Package: graphicx 2020/09/09 v1.2b Enhanced LaTeX Graphics (DPC,SPQR)

(c:/Users/t169/AppData/Roaming/TinyTeX/texmf-dist/tex/latex/graphics/graphics.s
ty
Package: graphics 2020/08/30 v1.4c Standard LaTeX Graphics (DPC,SPQR)
(c:/Users/t169/AppData/Roaming/TinyTeX/texmf-dist/tex/latex/graphics/trig.sty
Package: trig 2016/01/03 v1.10 sin cos tan (DPC)
)
(c:/Users/t169/AppData/Roaming/TinyTeX/texmf-dist/tex/latex/graphics-cfg/graphi
cs.cfg
File: graphics.cfg 2016/06/04 v1.11 sample graphics configuration
)
Package graphics Info: Driver file: pdftex.def on input line 105.

(c:/Users/t169/AppData/Roaming/TinyTeX/texmf-dist/tex/latex/graphics-def/pdftex
.def
File: pdftex.def 2020/10/05 v1.2a Graphics/color driver for pdftex
))
\Gin@req@height=\dimen162
\Gin@req@width=\dimen163
)
(c:/Users/t169/AppData/Roaming/TinyTeX/texmf-dist/tex/latex/pgf/systemlayer/pgf
sys.sty
(c:/Users/t169/AppData/Roaming/TinyTeX/texmf-dist/tex/latex/pgf/utilities/pgfrc
s.sty
(c:/Users/t169/AppData/Roaming/TinyTeX/texmf-dist/tex/generic/pgf/utilities/pgf
util-common.tex
\pgfutil@everybye=\toks17
\pgfutil@tempdima=\dimen164
\pgfutil@tempdimb=\dimen165

(c:/Users/t169/AppData/Roaming/TinyTeX/texmf-dist/tex/generic/pgf/utilities/pgf
util-common-lists.tex))
(c:/Users/t169/AppData/Roaming/TinyTeX/texmf-dist/tex/generic/pgf/utilities/pgf
util-latex.def
\pgfutil@abb=\box56
)
(c:/Users/t169/AppData/Roaming/TinyTeX/texmf-dist/tex/generic/pgf/utilities/pgf
rcs.code.tex
(c:/Users/t169/AppData/Roaming/TinyTeX/texmf-dist/tex/generic/pgf/pgf.revision.
tex)
Package: pgfrcs 2020/10/01 v3.1.6a (3.1.6a)
))
(c:/Users/t169/AppData/Roaming/TinyTeX/texmf-dist/tex/generic/pgf/systemlayer/p
gfsys.code.tex
Package: pgfsys 2020/10/01 v3.1.6a (3.1.6a)

(c:/Users/t169/AppData/Roaming/TinyTeX/texmf-dist/tex/generic/pgf/utilities/pgf
keys.code.tex
\pgfkeys@pathtoks=\toks18
\pgfkeys@temptoks=\toks19

(c:/Users/t169/AppData/Roaming/TinyTeX/texmf-dist/tex/generic/pgf/utilities/pgf
keysfiltered.code.tex
\pgfkeys@tmptoks=\toks20
))
\pgf@x=\dimen166
\pgf@y=\dimen167
\pgf@xa=\dimen168
\pgf@ya=\dimen169
\pgf@xb=\dimen170
\pgf@yb=\dimen171
\pgf@xc=\dimen172
\pgf@yc=\dimen173
\pgf@xd=\dimen174
\pgf@yd=\dimen175
\w@pgf@writea=\write3
\r@pgf@reada=\read2
\c@pgf@counta=\count269
\c@pgf@countb=\count270
\c@pgf@countc=\count271
\c@pgf@countd=\count272
\t@pgf@toka=\toks21
\t@pgf@tokb=\toks22
\t@pgf@tokc=\toks23
\pgf@sys@id@count=\count273

(c:/Users/t169/AppData/Roaming/TinyTeX/texmf-dist/tex/generic/pgf/systemlayer/p
gf.cfg
File: pgf.cfg 2020/10/01 v3.1.6a (3.1.6a)
)
Driver file for pgf: pgfsys-pdftex.def

(c:/Users/t169/AppData/Roaming/TinyTeX/texmf-dist/tex/generic/pgf/systemlayer/p
gfsys-pdftex.def
File: pgfsys-pdftex.def 2020/10/01 v3.1.6a (3.1.6a)

(c:/Users/t169/AppData/Roaming/TinyTeX/texmf-dist/tex/generic/pgf/systemlayer/p
gfsys-common-pdf.def
File: pgfsys-common-pdf.def 2020/10/01 v3.1.6a (3.1.6a)
)))
(c:/Users/t169/AppData/Roaming/TinyTeX/texmf-dist/tex/generic/pgf/systemlayer/p
gfsyssoftpath.code.tex
File: pgfsyssoftpath.code.tex 2020/10/01 v3.1.6a (3.1.6a)
\pgfsyssoftpath@smallbuffer@items=\count274
\pgfsyssoftpath@bigbuffer@items=\count275
)
(c:/Users/t169/AppData/Roaming/TinyTeX/texmf-dist/tex/generic/pgf/systemlayer/p
gfsysprotocol.code.tex
File: pgfsysprotocol.code.tex 2020/10/01 v3.1.6a (3.1.6a)
)) (c:/Users/t169/AppData/Roaming/TinyTeX/texmf-dist/tex/latex/xcolor/xcolor.st
y
Package: xcolor 2016/05/11 v2.12 LaTeX color extensions (UK)

(c:/Users/t169/AppData/Roaming/TinyTeX/texmf-dist/tex/latex/graphics-cfg/color.
cfg
File: color.cfg 2016/01/02 v1.6 sample color configuration
)
Package xcolor Info: Driver file: pdftex.def on input line 225.
Package xcolor Info: Model `cmy' substituted by `cmy0' on input line 1348.
Package xcolor Info: Model `hsb' substituted by `rgb' on input line 1352.
Package xcolor Info: Model `RGB' extended on input line 1364.
Package xcolor Info: Model `HTML' substituted by `rgb' on input line 1366.
Package xcolor Info: Model `Hsb' substituted by `hsb' on input line 1367.
Package xcolor Info: Model `tHsb' substituted by `hsb' on input line 1368.
Package xcolor Info: Model `HSB' substituted by `hsb' on input line 1369.
Package xcolor Info: Model `Gray' substituted by `gray' on input line 1370.
Package xcolor Info: Model `wave' substituted by `hsb' on input line 1371.
)
(c:/Users/t169/AppData/Roaming/TinyTeX/texmf-dist/tex/generic/pgf/basiclayer/pg
fcore.code.tex
Package: pgfcore 2020/10/01 v3.1.6a (3.1.6a)

(c:/Users/t169/AppData/Roaming/TinyTeX/texmf-dist/tex/generic/pgf/math/pgfmath.
code.tex
(c:/Users/t169/AppData/Roaming/TinyTeX/texmf-dist/tex/generic/pgf/math/pgfmathc
alc.code.tex
(c:/Users/t169/AppData/Roaming/TinyTeX/texmf-dist/tex/generic/pgf/math/pgfmathu
til.code.tex)
(c:/Users/t169/AppData/Roaming/TinyTeX/texmf-dist/tex/generic/pgf/math/pgfmathp
arser.code.tex
\pgfmath@dimen=\dimen176
\pgfmath@count=\count276
\pgfmath@box=\box57
\pgfmath@toks=\toks24
\pgfmath@stack@operand=\toks25
\pgfmath@stack@operation=\toks26
)
(c:/Users/t169/AppData/Roaming/TinyTeX/texmf-dist/tex/generic/pgf/math/pgfmathf
unctions.code.tex
(c:/Users/t169/AppData/Roaming/TinyTeX/texmf-dist/tex/generic/pgf/math/pgfmathf
unctions.basic.code.tex)
(c:/Users/t169/AppData/Roaming/TinyTeX/texmf-dist/tex/generic/pgf/math/pgfmathf
unctions.trigonometric.code.tex)
(c:/Users/t169/AppData/Roaming/TinyTeX/texmf-dist/tex/generic/pgf/math/pgfmathf
unctions.random.code.tex)
(c:/Users/t169/AppData/Roaming/TinyTeX/texmf-dist/tex/generic/pgf/math/pgfmathf
unctions.comparison.code.tex)
(c:/Users/t169/AppData/Roaming/TinyTeX/texmf-dist/tex/generic/pgf/math/pgfmathf
unctions.base.code.tex)
(c:/Users/t169/AppData/Roaming/TinyTeX/texmf-dist/tex/generic/pgf/math/pgfmathf
unctions.round.code.tex)
(c:/Users/t169/AppData/Roaming/TinyTeX/texmf-dist/tex/generic/pgf/math/pgfmathf
unctions.misc.code.tex)
(c:/Users/t169/AppData/Roaming/TinyTeX/texmf-dist/tex/generic/pgf/math/pgfmathf
unctions.integerarithmetics.code.tex)))
(c:/Users/t169/AppData/Roaming/TinyTeX/texmf-dist/tex/generic/pgf/math/pgfmathf
loat.code.tex
\c@pgfmathroundto@lastzeros=\count277
))
(c:/Users/t169/AppData/Roaming/TinyTeX/texmf-dist/tex/generic/pgf/math/pgfint.c
ode.tex)
(c:/Users/t169/AppData/Roaming/TinyTeX/texmf-dist/tex/generic/pgf/basiclayer/pg
fcorepoints.code.tex
File: pgfcorepoints.code.tex 2020/10/01 v3.1.6a (3.1.6a)
\pgf@picminx=\dimen177
\pgf@picmaxx=\dimen178
\pgf@picminy=\dimen179
\pgf@picmaxy=\dimen180
\pgf@pathminx=\dimen181
\pgf@pathmaxx=\dimen182
\pgf@pathminy=\dimen183
\pgf@pathmaxy=\dimen184
\pgf@xx=\dimen185
\pgf@xy=\dimen186
\pgf@yx=\dimen187
\pgf@yy=\dimen188
\pgf@zx=\dimen189
\pgf@zy=\dimen190
)
(c:/Users/t169/AppData/Roaming/TinyTeX/texmf-dist/tex/generic/pgf/basiclayer/pg
fcorepathconstruct.code.tex
File: pgfcorepathconstruct.code.tex 2020/10/01 v3.1.6a (3.1.6a)
\pgf@path@lastx=\dimen191
\pgf@path@lasty=\dimen192
)
(c:/Users/t169/AppData/Roaming/TinyTeX/texmf-dist/tex/generic/pgf/basiclayer/pg
fcorepathusage.code.tex
File: pgfcorepathusage.code.tex 2020/10/01 v3.1.6a (3.1.6a)
\pgf@shorten@end@additional=\dimen193
\pgf@shorten@start@additional=\dimen194
)
(c:/Users/t169/AppData/Roaming/TinyTeX/texmf-dist/tex/generic/pgf/basiclayer/pg
fcorescopes.code.tex
File: pgfcorescopes.code.tex 2020/10/01 v3.1.6a (3.1.6a)
\pgfpic=\box58
\pgf@hbox=\box59
\pgf@layerbox@main=\box60
\pgf@picture@serial@count=\count278
)
(c:/Users/t169/AppData/Roaming/TinyTeX/texmf-dist/tex/generic/pgf/basiclayer/pg
fcoregraphicstate.code.tex
File: pgfcoregraphicstate.code.tex 2020/10/01 v3.1.6a (3.1.6a)
\pgflinewidth=\dimen195
)
(c:/Users/t169/AppData/Roaming/TinyTeX/texmf-dist/tex/generic/pgf/basiclayer/pg
fcoretransformations.code.tex
File: pgfcoretransformations.code.tex 2020/10/01 v3.1.6a (3.1.6a)
\pgf@pt@x=\dimen196
\pgf@pt@y=\dimen197
\pgf@pt@temp=\dimen198
)
(c:/Users/t169/AppData/Roaming/TinyTeX/texmf-dist/tex/generic/pgf/basiclayer/pg
fcorequick.code.tex
File: pgfcorequick.code.tex 2020/10/01 v3.1.6a (3.1.6a)
)
(c:/Users/t169/AppData/Roaming/TinyTeX/texmf-dist/tex/generic/pgf/basiclayer/pg
fcoreobjects.code.tex
File: pgfcoreobjects.code.tex 2020/10/01 v3.1.6a (3.1.6a)
)
(c:/Users/t169/AppData/Roaming/TinyTeX/texmf-dist/tex/generic/pgf/basiclayer/pg
fcorepathprocessing.code.tex
File: pgfcorepathprocessing.code.tex 2020/10/01 v3.1.6a (3.1.6a)
)
(c:/Users/t169/AppData/Roaming/TinyTeX/texmf-dist/tex/generic/pgf/basiclayer/pg
fcorearrows.code.tex
File: pgfcorearrows.code.tex 2020/10/01 v3.1.6a (3.1.6a)
\pgfarrowsep=\dimen199
)
(c:/Users/t169/AppData/Roaming/TinyTeX/texmf-dist/tex/generic/pgf/basiclayer/pg
fcoreshade.code.tex
File: pgfcoreshade.code.tex 2020/10/01 v3.1.6a (3.1.6a)
\pgf@max=\dimen256
\pgf@sys@shading@range@num=\count279
\pgf@shadingcount=\count280
)
(c:/Users/t169/AppData/Roaming/TinyTeX/texmf-dist/tex/generic/pgf/basiclayer/pg
fcoreimage.code.tex
File: pgfcoreimage.code.tex 2020/10/01 v3.1.6a (3.1.6a)

(c:/Users/t169/AppData/Roaming/TinyTeX/texmf-dist/tex/generic/pgf/basiclayer/pg
fcoreexternal.code.tex
File: pgfcoreexternal.code.tex 2020/10/01 v3.1.6a (3.1.6a)
\pgfexternal@startupbox=\box61
))
(c:/Users/t169/AppData/Roaming/TinyTeX/texmf-dist/tex/generic/pgf/basiclayer/pg
fcorelayers.code.tex
File: pgfcorelayers.code.tex 2020/10/01 v3.1.6a (3.1.6a)
)
(c:/Users/t169/AppData/Roaming/TinyTeX/texmf-dist/tex/generic/pgf/basiclayer/pg
fcoretransparency.code.tex
File: pgfcoretransparency.code.tex 2020/10/01 v3.1.6a (3.1.6a)
)
(c:/Users/t169/AppData/Roaming/TinyTeX/texmf-dist/tex/generic/pgf/basiclayer/pg
fcorepatterns.code.tex
File: pgfcorepatterns.code.tex 2020/10/01 v3.1.6a (3.1.6a)
)
(c:/Users/t169/AppData/Roaming/TinyTeX/texmf-dist/tex/generic/pgf/basiclayer/pg
fcorerdf.code.tex
File: pgfcorerdf.code.tex 2020/10/01 v3.1.6a (3.1.6a)
)))
(c:/Users/t169/AppData/Roaming/TinyTeX/texmf-dist/tex/latex/pgf/utilities/xxcol
or.sty
Package: xxcolor 2003/10/24 ver 0.1
\XC@nummixins=\count281
\XC@countmixins=\count282
)
(c:/Users/t169/AppData/Roaming/TinyTeX/texmf-dist/tex/latex/base/atbegshi-ltx.s
ty
Package: atbegshi-ltx 2020/08/17 v1.0a Emulation of the original atbegshi packa
ge
with kernel methods
)
(c:/Users/t169/AppData/Roaming/TinyTeX/texmf-dist/tex/latex/hyperref/hyperref.s
ty
Package: hyperref 2020-05-15 v7.00e Hypertext links for LaTeX

(c:/Users/t169/AppData/Roaming/TinyTeX/texmf-dist/tex/generic/ltxcmds/ltxcmds.s
ty
Package: ltxcmds 2020-05-10 v1.25 LaTeX kernel commands for general use (HO)
)
(c:/Users/t169/AppData/Roaming/TinyTeX/texmf-dist/tex/generic/pdftexcmds/pdftex
cmds.sty
Package: pdftexcmds 2020-06-27 v0.33 Utility functions of pdfTeX for LuaTeX (HO
)

(c:/Users/t169/AppData/Roaming/TinyTeX/texmf-dist/tex/generic/infwarerr/infware
rr.sty
Package: infwarerr 2019/12/03 v1.5 Providing info/warning/error messages (HO)
)
Package pdftexcmds Info: \pdf@primitive is available.
Package pdftexcmds Info: \pdf@ifprimitive is available.
Package pdftexcmds Info: \pdfdraftmode found.
)
(c:/Users/t169/AppData/Roaming/TinyTeX/texmf-dist/tex/generic/kvsetkeys/kvsetke
ys.sty
Package: kvsetkeys 2019/12/15 v1.18 Key value parser (HO)
)
(c:/Users/t169/AppData/Roaming/TinyTeX/texmf-dist/tex/generic/kvdefinekeys/kvde
finekeys.sty
Package: kvdefinekeys 2019-12-19 v1.6 Define keys (HO)
)
(c:/Users/t169/AppData/Roaming/TinyTeX/texmf-dist/tex/generic/pdfescape/pdfesca
pe.sty
Package: pdfescape 2019/12/09 v1.15 Implements pdfTeX's escape features (HO)
)
(c:/Users/t169/AppData/Roaming/TinyTeX/texmf-dist/tex/latex/hycolor/hycolor.sty
Package: hycolor 2020-01-27 v1.10 Color options for hyperref/bookmark (HO)
)
(c:/Users/t169/AppData/Roaming/TinyTeX/texmf-dist/tex/latex/letltxmacro/letltxm
acro.sty
Package: letltxmacro 2019/12/03 v1.6 Let assignment for LaTeX macros (HO)
)
(c:/Users/t169/AppData/Roaming/TinyTeX/texmf-dist/tex/latex/auxhook/auxhook.sty
Package: auxhook 2019-12-17 v1.6 Hooks for auxiliary files (HO)
)
(c:/Users/t169/AppData/Roaming/TinyTeX/texmf-dist/tex/latex/kvoptions/kvoptions
.sty
Package: kvoptions 2020-10-07 v3.14 Key value format for package options (HO)
)
\@linkdim=\dimen257
\Hy@linkcounter=\count283
\Hy@pagecounter=\count284

(c:/Users/t169/AppData/Roaming/TinyTeX/texmf-dist/tex/latex/hyperref/pd1enc.def
File: pd1enc.def 2020-05-15 v7.00e Hyperref: PDFDocEncoding definition (HO)
Now handling font encoding PD1 ...
... no UTF-8 mapping file for font encoding PD1
)
(c:/Users/t169/AppData/Roaming/TinyTeX/texmf-dist/tex/generic/intcalc/intcalc.s
ty
Package: intcalc 2019/12/15 v1.3 Expandable calculations with integers (HO)
)
(c:/Users/t169/AppData/Roaming/TinyTeX/texmf-dist/tex/generic/etexcmds/etexcmds
.sty
Package: etexcmds 2019/12/15 v1.7 Avoid name clashes with e-TeX commands (HO)
)
\Hy@SavedSpaceFactor=\count285
Package hyperref Info: Option `unicode' set `true' on input line 4338.
(c:/Users/t169/AppData/Roaming/TinyTeX/texmf-dist/tex/latex/hyperref/puenc.def
File: puenc.def 2020-05-15 v7.00e Hyperref: PDF Unicode definition (HO)
Now handling font encoding PU ...
... no UTF-8 mapping file for font encoding PU
)
Package hyperref Info: Option `bookmarks' set `true' on input line 4338.
Package hyperref Info: Option `bookmarksopen' set `true' on input line 4338.
Package hyperref Info: Option `implicit' set `false' on input line 4338.
Package hyperref Info: Hyper figures OFF on input line 4464.
Package hyperref Info: Link nesting OFF on input line 4469.
Package hyperref Info: Hyper index ON on input line 4472.
Package hyperref Info: Plain pages OFF on input line 4479.
Package hyperref Info: Backreferencing OFF on input line 4484.
Package hyperref Info: Implicit mode OFF; no redefinition of LaTeX internals.
Package hyperref Info: Bookmarks ON on input line 4717.
\c@Hy@tempcnt=\count286
(c:/Users/t169/AppData/Roaming/TinyTeX/texmf-dist/tex/latex/url/url.sty
\Urlmuskip=\muskip16
Package: url 2013/09/16  ver 3.4  Verb mode for urls, etc.
)
LaTeX Info: Redefining \url on input line 5076.
\XeTeXLinkMargin=\dimen258

(c:/Users/t169/AppData/Roaming/TinyTeX/texmf-dist/tex/generic/bitset/bitset.sty
Package: bitset 2019/12/09 v1.3 Handle bit-vector datatype (HO)

(c:/Users/t169/AppData/Roaming/TinyTeX/texmf-dist/tex/generic/bigintcalc/bigint
calc.sty
Package: bigintcalc 2019/12/15 v1.5 Expandable calculations on big integers (HO
)
))
\Fld@menulength=\count287
\Field@Width=\dimen259
\Fld@charsize=\dimen260
Package hyperref Info: Hyper figures OFF on input line 6347.
Package hyperref Info: Link nesting OFF on input line 6352.
Package hyperref Info: Hyper index ON on input line 6355.
Package hyperref Info: backreferencing OFF on input line 6362.
Package hyperref Info: Link coloring OFF on input line 6367.
Package hyperref Info: Link coloring with OCG OFF on input line 6372.
Package hyperref Info: PDF/A mode OFF on input line 6377.
LaTeX Info: Redefining \ref on input line 6417.
LaTeX Info: Redefining \pageref on input line 6421.
\Hy@abspage=\count288

Package hyperref Message: Stopped early.

)
Package hyperref Info: Driver (autodetected): hpdftex.

(c:/Users/t169/AppData/Roaming/TinyTeX/texmf-dist/tex/latex/hyperref/hpdftex.de
f
File: hpdftex.def 2020-05-15 v7.00e Hyperref driver for pdfTeX

(c:/Users/t169/AppData/Roaming/TinyTeX/texmf-dist/tex/latex/base/atveryend-ltx.
sty
Package: atveryend-ltx 2020/08/19 v1.0a Emulation of the original atvery packag
e
with kernel methods
)
\Fld@listcount=\count289
\c@bookmark@seq@number=\count290

(c:/Users/t169/AppData/Roaming/TinyTeX/texmf-dist/tex/latex/rerunfilecheck/reru
nfilecheck.sty
Package: rerunfilecheck 2019/12/05 v1.9 Rerun checks for auxiliary files (HO)

(c:/Users/t169/AppData/Roaming/TinyTeX/texmf-dist/tex/generic/uniquecounter/uni
quecounter.sty
Package: uniquecounter 2019/12/15 v1.4 Provide unlimited unique counter (HO)
)
Package uniquecounter Info: New unique counter `rerunfilecheck' on input line 2
86.
))
(c:/Users/t169/AppData/Roaming/TinyTeX/texmf-dist/tex/latex/beamer/beamerbasere
quires.sty
(c:/Users/t169/AppData/Roaming/TinyTeX/texmf-dist/tex/latex/beamer/beamerbaseco
mpatibility.sty)
(c:/Users/t169/AppData/Roaming/TinyTeX/texmf-dist/tex/latex/beamer/beamerbasefo
nt.sty
(c:/Users/t169/AppData/Roaming/TinyTeX/texmf-dist/tex/latex/amsfonts/amssymb.st
y
Package: amssymb 2013/01/14 v3.01 AMS font symbols

(c:/Users/t169/AppData/Roaming/TinyTeX/texmf-dist/tex/latex/amsfonts/amsfonts.s
ty
Package: amsfonts 2013/01/14 v3.01 Basic AMSFonts support
\@emptytoks=\toks27
\symAMSa=\mathgroup4
\symAMSb=\mathgroup5
LaTeX Font Info:    Redeclaring math symbol \hbar on input line 98.
LaTeX Font Info:    Overwriting math alphabet `\mathfrak' in version `bold'
(Font)                  U/euf/m/n --> U/euf/b/n on input line 106.
)))
(c:/Users/t169/AppData/Roaming/TinyTeX/texmf-dist/tex/latex/beamer/beamerbasetr
anslator.sty
(c:/Users/t169/AppData/Roaming/TinyTeX/texmf-dist/tex/latex/translator/translat
or.sty
Package: translator 2020-08-03 v1.12c Easy translation of strings in LaTeX
))
(c:/Users/t169/AppData/Roaming/TinyTeX/texmf-dist/tex/latex/beamer/beamerbasemi
sc.sty)
(c:/Users/t169/AppData/Roaming/TinyTeX/texmf-dist/tex/latex/beamer/beamerbasetw
oscreens.sty)
(c:/Users/t169/AppData/Roaming/TinyTeX/texmf-dist/tex/latex/beamer/beamerbaseov
erlay.sty
\beamer@argscount=\count291
\beamer@lastskipcover=\skip50
\beamer@trivlistdepth=\count292
)
(c:/Users/t169/AppData/Roaming/TinyTeX/texmf-dist/tex/latex/beamer/beamerbaseti
tle.sty)
(c:/Users/t169/AppData/Roaming/TinyTeX/texmf-dist/tex/latex/beamer/beamerbasese
ction.sty
\c@lecture=\count293
\c@part=\count294
\c@section=\count295
\c@subsection=\count296
\c@subsubsection=\count297
)
(c:/Users/t169/AppData/Roaming/TinyTeX/texmf-dist/tex/latex/beamer/beamerbasefr
ame.sty
\beamer@framebox=\box62
\beamer@frametitlebox=\box63
\beamer@zoombox=\box64
\beamer@zoomcount=\count298
\beamer@zoomframecount=\count299
\beamer@frametextheight=\dimen261
\c@subsectionslide=\count300
\beamer@frametopskip=\skip51
\beamer@framebottomskip=\skip52
\beamer@frametopskipautobreak=\skip53
\beamer@framebottomskipautobreak=\skip54
\beamer@envbody=\toks28
\framewidth=\dimen262
\c@framenumber=\count301
)
(c:/Users/t169/AppData/Roaming/TinyTeX/texmf-dist/tex/latex/beamer/beamerbaseve
rbatim.sty
\beamer@verbatimfileout=\write4
)
(c:/Users/t169/AppData/Roaming/TinyTeX/texmf-dist/tex/latex/beamer/beamerbasefr
amesize.sty
\beamer@splitbox=\box65
\beamer@autobreakcount=\count302
\beamer@autobreaklastheight=\dimen263
\beamer@frametitletoks=\toks29
\beamer@framesubtitletoks=\toks30
)
(c:/Users/t169/AppData/Roaming/TinyTeX/texmf-dist/tex/latex/beamer/beamerbasefr
amecomponents.sty
\beamer@footins=\box66
)
(c:/Users/t169/AppData/Roaming/TinyTeX/texmf-dist/tex/latex/beamer/beamerbaseco
lor.sty)
(c:/Users/t169/AppData/Roaming/TinyTeX/texmf-dist/tex/latex/beamer/beamerbaseno
tes.sty
\beamer@frameboxcopy=\box67
)
(c:/Users/t169/AppData/Roaming/TinyTeX/texmf-dist/tex/latex/beamer/beamerbaseto
c.sty)
(c:/Users/t169/AppData/Roaming/TinyTeX/texmf-dist/tex/latex/beamer/beamerbasete
mplates.sty
\beamer@sbttoks=\toks31

(c:/Users/t169/AppData/Roaming/TinyTeX/texmf-dist/tex/latex/beamer/beamerbaseau
xtemplates.sty
(c:/Users/t169/AppData/Roaming/TinyTeX/texmf-dist/tex/latex/beamer/beamerbasebo
xes.sty
\bmb@box=\box68
\bmb@colorbox=\box69
\bmb@boxshadow=\box70
\bmb@boxshadowball=\box71
\bmb@boxshadowballlarge=\box72
\bmb@temp=\dimen264
\bmb@dima=\dimen265
\bmb@dimb=\dimen266
\bmb@prevheight=\dimen267
)
\beamer@blockheadheight=\dimen268
))
(c:/Users/t169/AppData/Roaming/TinyTeX/texmf-dist/tex/latex/beamer/beamerbaselo
calstructure.sty
(c:/Users/t169/AppData/Roaming/TinyTeX/texmf-dist/tex/latex/tools/enumerate.sty
Package: enumerate 2015/07/23 v3.00 enumerate extensions (DPC)
\@enLab=\toks32
)
\c@figure=\count303
\c@table=\count304
\abovecaptionskip=\skip55
\belowcaptionskip=\skip56
)
(c:/Users/t169/AppData/Roaming/TinyTeX/texmf-dist/tex/latex/beamer/beamerbasena
vigation.sty
\beamer@section@min@dim=\dimen269
)
(c:/Users/t169/AppData/Roaming/TinyTeX/texmf-dist/tex/latex/beamer/beamerbaseth
eorems.sty
(c:/Users/t169/AppData/Roaming/TinyTeX/texmf-dist/tex/latex/amsmath/amsmath.sty
Package: amsmath 2020/09/23 v2.17i AMS math features
\@mathmargin=\skip57
For additional information on amsmath, use the `?' option.

(c:/Users/t169/AppData/Roaming/TinyTeX/texmf-dist/tex/latex/amsmath/amstext.sty
Package: amstext 2000/06/29 v2.01 AMS text
(c:/Users/t169/AppData/Roaming/TinyTeX/texmf-dist/tex/latex/amsmath/amsgen.sty
File: amsgen.sty 1999/11/30 v2.0 generic functions
\@emptytoks=\toks33
\ex@=\dimen270
)) (c:/Users/t169/AppData/Roaming/TinyTeX/texmf-dist/tex/latex/amsmath/amsbsy.s
ty
Package: amsbsy 1999/11/29 v1.2d Bold Symbols
\pmbraise@=\dimen271
) (c:/Users/t169/AppData/Roaming/TinyTeX/texmf-dist/tex/latex/amsmath/amsopn.st
y
Package: amsopn 2016/03/08 v2.02 operator names
)
\inf@bad=\count305
LaTeX Info: Redefining \frac on input line 234.
\uproot@=\count306
\leftroot@=\count307
LaTeX Info: Redefining \overline on input line 399.
\classnum@=\count308
\DOTSCASE@=\count309
LaTeX Info: Redefining \ldots on input line 496.
LaTeX Info: Redefining \dots on input line 499.
LaTeX Info: Redefining \cdots on input line 620.
\Mathstrutbox@=\box73
\strutbox@=\box74
\big@size=\dimen272
LaTeX Font Info:    Redeclaring font encoding OML on input line 743.
LaTeX Font Info:    Redeclaring font encoding OMS on input line 744.
\macc@depth=\count310
\c@MaxMatrixCols=\count311
\dotsspace@=\muskip17
\c@parentequation=\count312
\dspbrk@lvl=\count313
\tag@help=\toks34
\row@=\count314
\column@=\count315
\maxfields@=\count316
\andhelp@=\toks35
\eqnshift@=\dimen273
\alignsep@=\dimen274
\tagshift@=\dimen275
\tagwidth@=\dimen276
\totwidth@=\dimen277
\lineht@=\dimen278
\@envbody=\toks36
\multlinegap=\skip58
\multlinetaggap=\skip59
\mathdisplay@stack=\toks37
LaTeX Info: Redefining \[ on input line 2923.
LaTeX Info: Redefining \] on input line 2924.
) (c:/Users/t169/AppData/Roaming/TinyTeX/texmf-dist/tex/latex/amscls/amsthm.sty
Package: amsthm 2020/05/29 v2.20.6
\thm@style=\toks38
\thm@bodyfont=\toks39
\thm@headfont=\toks40
\thm@notefont=\toks41
\thm@headpunct=\toks42
\thm@preskip=\skip60
\thm@postskip=\skip61
\thm@headsep=\skip62
\dth@everypar=\toks43
)
\c@theorem=\count317
)
(c:/Users/t169/AppData/Roaming/TinyTeX/texmf-dist/tex/latex/beamer/beamerbaseth
emes.sty))
(c:/Users/t169/AppData/Roaming/TinyTeX/texmf-dist/tex/latex/beamer/beamerthemed
efault.sty
(c:/Users/t169/AppData/Roaming/TinyTeX/texmf-dist/tex/latex/beamer/beamerfontth
emedefault.sty)
(c:/Users/t169/AppData/Roaming/TinyTeX/texmf-dist/tex/latex/beamer/beamercolort
hemedefault.sty)
(c:/Users/t169/AppData/Roaming/TinyTeX/texmf-dist/tex/latex/beamer/beamerinnert
hemedefault.sty
! I can't write on file `PresentaciónTADM_MADM_2020_2021.pdf'.
(Press Enter to retry, or Control-Z to exit; default file extension is `.pdf')
Please type another file name for output
! Emergency stop.
\pgfsys@defineimage ...astform }\else {\pdfximage 
                                                  \pgf@imageheight \pgf@imag...
l.16 ...ight=12pt]{beamericonbook}{beamericonbook}
                                                   
Here is how much of TeX's memory you used:
 19113 strings out of 481824
 344744 string characters out of 5927588
 604687 words of memory out of 5000000
 35130 multiletter control sequences out of 15000+600000
 535693 words of font info for 31 fonts, out of 8000000 for 9000
 14 hyphenation exceptions out of 8191
 107i,0n,111p,457b,286s stack positions out of 5000i,500n,10000p,200000b,80000s

!  ==> Fatal error occurred, no output PDF file produced!
